<?xml version="1.0" encoding="UTF-8"?>
<!-- Generated by org.testng.reporters.JUnitReportReporter -->
<testsuite skipped="0" hostname="sindha-PC" name="jenkins.FirstProgram" tests="1" failures="0" timestamp="31 Dec 2017 09:13:54 GMT" time="68.098" errors="0">
  <testcase name="jenkinsMethod" time="68.098" classname="jenkins.FirstProgram"/>
</testsuite> <!-- jenkins.FirstProgram -->
