<?xml version="1.0" encoding="UTF-8"?>
<!-- Generated by org.testng.reporters.JUnitReportReporter -->
<testsuite skipped="0" hostname="sindha-PC" name="jenkins.CreateLead" tests="1" failures="0" timestamp="31 Dec 2017 09:13:54 GMT" time="87.028" errors="0">
  <testcase name="createLead" time="87.028" classname="jenkins.CreateLead"/>
</testsuite> <!-- jenkins.CreateLead -->
