<?xml version="1.0" encoding="UTF-8"?>
<!-- Generated by org.testng.reporters.JUnitReportReporter -->
<testsuite hostname="sindha-PC" name="jenkins.CreateLead" tests="1" failures="0" timestamp="30 Dec 2017 11:50:50 GMT" time="74.025" errors="0">
  <testcase name="createLead" time="74.025" classname="jenkins.CreateLead"/>
</testsuite> <!-- jenkins.CreateLead -->
