<?xml version="1.0" encoding="UTF-8"?>
<!-- Generated by org.testng.reporters.JUnitReportReporter -->
<testsuite hostname="sindha-PC" name="jenkins.FirstProgram" tests="1" failures="0" timestamp="30 Dec 2017 11:50:49 GMT" time="21.364" errors="0">
  <testcase name="jenkinsMethod" time="21.364" classname="jenkins.FirstProgram"/>
</testsuite> <!-- jenkins.FirstProgram -->
